<?xml version="1.0" encoding="UTF-8"?>
<!-- Generated by org.testng.reporters.JUnitXMLReporter -->
<testsuite hostname="Avijit-PC" ignored="0" name="BankingApp Test" tests="3" failures="0" timestamp="05 Aug 2019 15:15:44 GMT" time="92.465" errors="0">
  <testcase name="logintest" time="11.651" classname="com.inetBankingV1.testCases.Testcase001"/>
  <testcase name="DDT" time="15.262" classname="com.inetBankingV1.testCases.TestcaseDDT002"/>
  <testcase name="DDT" time="12.199" classname="com.inetBankingV1.testCases.TestcaseDDT002"/>
</testsuite> <!-- BankingApp Test -->
