<?xml version="1.0" encoding="UTF-8"?>
<!-- Generated by org.testng.reporters.JUnitXMLReporter -->
<testsuite ignored="0" hostname="Avijit-PC" failures="0" tests="3" name="BankingApp Test" time="70.851" errors="0" timestamp="15 Aug 2019 08:52:25 GMT">
  <testcase classname="com.inetBankingV1.testCases.Testcase001" name="logintest" time="6.959"/>
  <testcase classname="com.inetBankingV1.testCases.TestcaseDDT002" name="DDT" time="16.519"/>
  <testcase classname="com.inetBankingV1.testCases.TestcaseDDT002" name="DDT" time="12.036"/>
</testsuite> <!-- BankingApp Test -->
