<?xml version="1.0" encoding="UTF-8"?>
<testng-results ignored="0" total="3" passed="3" failed="0" skipped="0">
  <reporter-output>
  </reporter-output>
  <suite started-at="2019-08-15T08:51:10Z" name="inetBankingV1" finished-at="2019-08-15T08:52:21Z" duration-ms="70851">
    <groups>
    </groups>
    <test started-at="2019-08-15T08:51:10Z" name="BankingApp Test" finished-at="2019-08-15T08:52:21Z" duration-ms="70851">
      <class name="com.inetBankingV1.testCases.TestcaseDDT002">
        <test-method is-config="true" signature="setup(java.lang.String)[pri:0, instance:com.inetBankingV1.testCases.TestcaseDDT002@5204062d]" started-at="2019-08-15T08:51:36Z" name="setup" finished-at="2019-08-15T08:51:49Z" duration-ms="12958" status="PASS">
          <params>
            <param index="0">
              <value>
                <![CDATA[chrome]]>
              </value>
            </param>
          </params>
          <reporter-output>
          </reporter-output>
        </test-method> <!-- setup -->
        <test-method signature="DDT(java.lang.String, java.lang.String)[pri:0, instance:com.inetBankingV1.testCases.TestcaseDDT002@5204062d]" started-at="2019-08-15T08:51:52Z" name="DDT" data-provider="Data" finished-at="2019-08-15T08:52:09Z" duration-ms="16519" status="PASS">
          <params>
            <param index="0">
              <value>
                <![CDATA[avijitrout.2010@gmail.com]]>
              </value>
            </param>
            <param index="1">
              <value>
                <![CDATA[rout@123]]>
              </value>
            </param>
          </params>
          <reporter-output>
          </reporter-output>
        </test-method> <!-- DDT -->
        <test-method signature="DDT(java.lang.String, java.lang.String)[pri:0, instance:com.inetBankingV1.testCases.TestcaseDDT002@5204062d]" started-at="2019-08-15T08:52:09Z" name="DDT" data-provider="Data" finished-at="2019-08-15T08:52:21Z" duration-ms="12036" status="PASS">
          <params>
            <param index="0">
              <value>
                <![CDATA[avijitrout.2010@gmail.com]]>
              </value>
            </param>
            <param index="1">
              <value>
                <![CDATA[rout@123]]>
              </value>
            </param>
          </params>
          <reporter-output>
          </reporter-output>
        </test-method> <!-- DDT -->
        <test-method is-config="true" signature="teardown()[pri:0, instance:com.inetBankingV1.testCases.TestcaseDDT002@5204062d]" started-at="2019-08-15T08:52:21Z" name="teardown" finished-at="2019-08-15T08:52:21Z" duration-ms="68" status="PASS">
          <reporter-output>
          </reporter-output>
        </test-method> <!-- teardown -->
      </class> <!-- com.inetBankingV1.testCases.TestcaseDDT002 -->
      <class name="com.inetBankingV1.testCases.Testcase001">
        <test-method is-config="true" signature="setup(java.lang.String)[pri:0, instance:com.inetBankingV1.testCases.Testcase001@5579bb86]" started-at="2019-08-15T08:51:10Z" name="setup" finished-at="2019-08-15T08:51:29Z" duration-ms="19149" status="PASS">
          <params>
            <param index="0">
              <value>
                <![CDATA[chrome]]>
              </value>
            </param>
          </params>
          <reporter-output>
          </reporter-output>
        </test-method> <!-- setup -->
        <test-method signature="logintest()[pri:0, instance:com.inetBankingV1.testCases.Testcase001@5579bb86]" started-at="2019-08-15T08:51:29Z" name="logintest" finished-at="2019-08-15T08:51:36Z" duration-ms="6959" status="PASS">
          <reporter-output>
          </reporter-output>
        </test-method> <!-- logintest -->
        <test-method is-config="true" signature="teardown()[pri:0, instance:com.inetBankingV1.testCases.Testcase001@5579bb86]" started-at="2019-08-15T08:51:36Z" name="teardown" finished-at="2019-08-15T08:51:36Z" duration-ms="164" status="PASS">
          <reporter-output>
          </reporter-output>
        </test-method> <!-- teardown -->
      </class> <!-- com.inetBankingV1.testCases.Testcase001 -->
    </test> <!-- BankingApp Test -->
  </suite> <!-- inetBankingV1 -->
</testng-results>
